2026-06-22 13:08:09,218 - INFO - main started!
2026-06-22 13:13:05,547 - INFO - main started!
2026-06-22 13:16:52,342 - INFO - main started!
2026-06-22 13:20:51,251 - INFO - main started!
2026-06-22 13:22:19,353 - INFO - main started!
2026-06-23 10:03:35,695 - INFO - main started!
2026-06-23 10:10:47,863 - INFO - main started!
2026-06-23 10:16:48,542 - INFO - main started!
2026-06-23 10:17:09,632 - WARNING - Course computer science not available
2026-06-23 10:28:05,958 - INFO - main started!
2026-06-23 10:28:28,335 - WARNING - Course Computer Science not available
2026-06-23 10:28:51,514 - INFO - main stopped
2026-06-23 11:52:24,591 - INFO - main started!
2026-06-23 11:52:52,443 - INFO - Department name set to: science and technology
2026-06-23 11:52:52,444 - ERROR - Something went wrong
Traceback (most recent call last):
  File "/media/kintu/personal/software_engineering/projects/university_management_system_cml/main.py", line 17, in <module>
    menu()
    ~~~~^^
  File "/media/kintu/personal/software_engineering/projects/university_management_system_cml/cli/interface.py", line 68, in menu
    department = Department(name)
  File "/media/kintu/personal/software_engineering/projects/university_management_system_cml/classes/department.py", line 13, in __init__
    self.courses = []
    ^^^^^^^^^^^^
AttributeError: property 'courses' of 'Department' object has no setter
2026-06-23 11:53:55,179 - INFO - main started!
2026-06-23 11:54:02,671 - INFO - Department name set to: science and technology
2026-06-23 11:54:02,672 - INFO - science and technology successfully added to departments
2026-06-23 11:54:46,949 - INFO - Department with name: science and technology successfully found
2026-06-23 11:55:08,961 - INFO - Course code set to: BACS
2026-06-23 11:55:08,962 - INFO - Course name set to computer science
2026-06-23 11:55:08,962 - ERROR - Something went wrong
Traceback (most recent call last):
  File "/media/kintu/personal/software_engineering/projects/university_management_system_cml/main.py", line 17, in <module>
    menu()
    ~~~~^^
  File "/media/kintu/personal/software_engineering/projects/university_management_system_cml/cli/interface.py", line 88, in menu
    course = Course(code, name, department_name)
  File "/media/kintu/personal/software_engineering/projects/university_management_system_cml/classes/course.py", line 14, in __init__
    self.course_units = []
    ^^^^^^^^^^^^^^^^^
AttributeError: property 'course_units' of 'Course' object has no setter
2026-06-23 11:55:45,781 - INFO - main started!
2026-06-23 11:55:55,586 - INFO - Department name set to: science and technology
2026-06-23 11:55:55,587 - INFO - science and technology successfully added to departments
2026-06-23 11:56:14,420 - INFO - Department with name: science and technology successfully found
2026-06-23 11:56:43,506 - INFO - Department with name: science and technology successfully found
2026-06-23 11:57:01,825 - INFO - Course code set to: BACS
2026-06-23 11:57:01,825 - INFO - Course name set to computer science
2026-06-23 11:57:01,826 - INFO - computer science successfully added to science and technology department
2026-06-23 11:57:46,732 - INFO - main stopped
2026-06-23 11:58:44,454 - INFO - main started!
2026-06-23 11:58:58,376 - INFO - Department name set to: science and technology
2026-06-23 11:58:58,376 - INFO - science and technology successfully added to departments
2026-06-23 11:59:23,113 - INFO - Department with name: science and technology successfully found
2026-06-23 11:59:41,335 - INFO - Department with name: science and technology successfully found
2026-06-23 11:59:53,717 - INFO - Course code set to: BACS
2026-06-23 11:59:53,718 - INFO - Course name set to computer science
2026-06-23 11:59:53,718 - INFO - computer science successfully added to science and technology department
2026-06-23 12:00:42,412 - WARNING - Course computer science not available
2026-06-23 12:01:15,438 - INFO - main stopped
2026-06-23 22:24:44,977 - INFO - main started!
2026-06-23 22:25:00,431 - INFO - Department name set to: science and technology
2026-06-23 22:25:00,431 - INFO - science and technology successfully added to departments
2026-06-23 22:25:26,973 - INFO - Department with name: science and technology successfully found
2026-06-23 22:25:37,612 - WARNING - Department with name computer science not found!
2026-06-23 22:26:15,347 - INFO - Department with name: science and technology successfully found
2026-06-23 22:26:33,513 - INFO - Course code set to: BACS
2026-06-23 22:26:33,513 - INFO - Course name set to computer science
2026-06-23 22:26:33,514 - INFO - computer science successfully added to science and technology department
2026-06-23 22:28:07,069 - WARNING - Course computer science not available
2026-06-23 22:32:45,648 - INFO - main stopped
2026-06-23 22:33:39,138 - INFO - main started!
2026-06-23 22:33:54,146 - INFO - Department name set to: science and technology
2026-06-23 22:33:54,146 - INFO - science and technology successfully added to departments
2026-06-23 22:34:18,414 - INFO - Department with name: science and technology successfully found
2026-06-23 22:34:54,386 - WARNING - Course BACS not available
2026-06-23 22:35:16,913 - INFO - Department with name: science and technology successfully found
2026-06-23 22:35:54,409 - INFO - Course code set to: BACS
2026-06-23 22:35:54,410 - INFO - Course name set to computer science
2026-06-23 22:35:54,410 - INFO - computer science successfully added to science and technology department
2026-06-23 22:36:30,988 - INFO - Student successfully registered to university
2026-06-23 22:36:30,988 - INFO - Student successfully registered
2026-06-23 22:40:54,039 - INFO - main stopped
2026-06-24 05:56:06,351 - INFO - main started!
2026-06-24 05:57:06,478 - WARNING - Course bacs24dua0235 not available
2026-06-24 05:57:27,949 - INFO - Department name set to: science and technology
2026-06-24 05:57:27,949 - INFO - science and technology successfully added to departments
2026-06-24 05:57:55,664 - WARNING - Department with name computer science not found!
2026-06-24 05:58:17,110 - INFO - Department with name: science and technology successfully found
2026-06-24 05:58:31,257 - INFO - Course code set to: bacs
2026-06-24 05:58:31,257 - INFO - Course name set to computer science
2026-06-24 05:58:31,257 - INFO - computer science successfully added to science and technology department
2026-06-24 05:58:55,423 - WARNING - Course ba not available
2026-06-24 05:59:24,436 - INFO - Student successfully registered to university
2026-06-24 05:59:24,436 - INFO - Student successfully registered
2026-06-24 05:59:49,421 - INFO - Department with name: science and technology successfully found
2026-06-24 05:59:49,422 - INFO - Returned department courses
2026-06-24 06:32:52,198 - INFO - main started!
2026-06-24 06:33:30,354 - INFO - Department name set to: science and technology
2026-06-24 06:33:30,354 - INFO - science and technology successfully added to departments
2026-06-24 06:33:58,963 - INFO - Department with name: science and technology successfully found
2026-06-24 06:35:02,774 - INFO - Course code set to: bacs
2026-06-24 06:35:02,775 - INFO - Course name set to computer science
2026-06-24 06:35:02,775 - INFO - computer science successfully added to science and technology department
2026-06-24 06:35:40,785 - INFO - Student successfully registered to university
2026-06-24 06:35:40,785 - INFO - Student successfully registered
2026-06-24 06:36:04,959 - INFO - Department with name: science and technology successfully found
2026-06-24 06:36:04,960 - INFO - Returned department courses
2026-06-24 06:38:57,362 - INFO - main stopped
2026-06-24 06:39:00,533 - INFO - main started!
2026-06-24 06:39:56,864 - INFO - main stopped
2026-06-24 07:49:05,219 - INFO - main started!
2026-06-24 07:49:26,648 - INFO - Department name set to: science and technology
2026-06-24 07:49:26,649 - INFO - science and technology successfully added to departments
2026-06-24 07:50:38,762 - INFO - Department with name: science and technology successfully found
2026-06-24 07:51:02,839 - INFO - Department with name: science and technology successfully found
2026-06-24 07:51:16,540 - INFO - Course code set to: bacs
2026-06-24 07:51:16,540 - INFO - Course name set to computer science
2026-06-24 07:51:16,541 - INFO - computer science successfully added to science and technology department
2026-06-24 07:51:29,035 - INFO - Department with name: science and technology successfully found
2026-06-24 07:51:29,035 - INFO - Returned department courses
2026-06-24 07:52:14,019 - INFO - Department with name: science and technology successfully found
2026-06-24 07:52:14,019 - INFO - Department with name: science and technology successfully found
2026-06-24 07:52:14,019 - ERROR - Something went wrong
Traceback (most recent call last):
  File "/media/kintu/personal/software_engineering/projects/university_management_system_cml/classes/registrar.py", line 160, in add_course_unit_to_course
    if course_unit not in course.course_units:
                          ^^^^^^^^^^^^^^^^^^^
  File "/media/kintu/personal/software_engineering/projects/university_management_system_cml/classes/course.py", line 56, in course_units
    return tuple(self._course_units)
                 ^^^^^^^^^^^^^^^^^^
AttributeError: 'Course' object has no attribute '_course_units'. Did you mean: 'course_units'?
2026-06-24 07:52:14,038 - INFO - main stopped
2026-06-24 07:54:24,493 - INFO - main started!
2026-06-24 07:55:16,108 - INFO - Department name set to: science and technology
2026-06-24 07:55:16,108 - INFO - science and technology successfully added to departments
2026-06-24 07:55:29,679 - INFO - Department with name: science and technology successfully found
2026-06-24 07:55:38,752 - INFO - Course code set to: bacs
2026-06-24 07:55:38,752 - INFO - Course name set to computer science
2026-06-24 07:55:38,752 - INFO - computer science successfully added to science and technology department
2026-06-24 07:56:08,062 - INFO - Department with name: science and technology successfully found
2026-06-24 07:56:08,063 - INFO - Returned department courses
2026-06-24 07:57:07,810 - INFO - Department with name: science and technology successfully found
2026-06-24 07:57:07,811 - INFO - Department with name: science and technology successfully found
2026-06-24 07:57:07,811 - INFO - Enter course unit name:  successfully added to computer science
2026-06-24 07:57:07,811 - INFO - Enter course unit name:  successfully added to science and technology courses
2026-06-24 07:57:07,811 - INFO - main stopped
2026-06-24 08:00:58,064 - INFO - main started!
2026-06-24 08:01:20,163 - INFO - Department name set to: science and technology
2026-06-24 08:01:20,163 - INFO - science and technology successfully added to departments
2026-06-24 08:01:41,620 - INFO - Department with name: science and technology successfully found
2026-06-24 08:02:00,976 - INFO - Course code set to: bacs
2026-06-24 08:02:00,976 - INFO - Course name set to computer science
2026-06-24 08:02:00,977 - INFO - computer science successfully added to science and technology department
2026-06-24 08:02:12,848 - INFO - Department with name: science and technology successfully found
2026-06-24 08:02:12,849 - INFO - Returned department courses
2026-06-24 08:02:29,895 - INFO - Department with name: science and technology successfully found
2026-06-24 08:02:29,896 - INFO - Department with name: science and technology successfully found
2026-06-24 08:02:29,896 - INFO - Enter course unit name: successfully added to computer science
2026-06-24 08:02:29,896 - INFO - Enter course unit name: successfully added to science and technology courses
2026-06-24 08:02:29,897 - INFO - main stopped
2026-06-24 08:03:56,165 - INFO - main started!
2026-06-24 08:04:04,384 - INFO - Department name set to: science and technology
2026-06-24 08:04:04,384 - INFO - science and technology successfully added to departments
2026-06-24 08:04:17,335 - INFO - Department with name: science and technology successfully found
2026-06-24 08:04:29,242 - INFO - Course code set to: bacs
2026-06-24 08:04:29,242 - INFO - Course name set to bacs
2026-06-24 08:04:29,242 - INFO - bacs successfully added to science and technology department
2026-06-24 08:04:57,282 - INFO - Department with name: science and technology successfully found
2026-06-24 08:04:57,282 - INFO - Returned department courses
2026-06-24 08:05:31,228 - INFO - Department with name: science and technology successfully found
2026-06-24 08:05:31,229 - INFO - Department with name: science and technology successfully found
2026-06-24 08:05:31,229 - INFO - Enter course unit name: successfully added to bacs
2026-06-24 08:05:31,230 - INFO - Enter course unit name: successfully added to science and technology courses
2026-06-24 08:05:31,230 - INFO - main stopped
2026-06-24 08:06:39,431 - INFO - main started!
2026-06-24 08:06:46,922 - INFO - Department name set to: science and technology
2026-06-24 08:06:46,922 - INFO - science and technology successfully added to departments
2026-06-24 08:06:58,706 - INFO - Department with name: science and technology successfully found
2026-06-24 08:07:22,766 - INFO - Course code set to: bacs
2026-06-24 08:07:22,767 - INFO - Course name set to computer science
2026-06-24 08:07:22,767 - INFO - computer science successfully added to science and technology department
2026-06-24 08:07:59,462 - INFO - Department with name: science and technology successfully found
2026-06-24 08:07:59,463 - INFO - Department with name: science and technology successfully found
2026-06-24 08:07:59,463 - INFO - Enter course unit name: successfully added to computer science
2026-06-24 08:07:59,463 - INFO - Enter course unit name: successfully added to science and technology courses
2026-06-24 08:07:59,463 - INFO - main stopped
2026-06-24 08:08:18,614 - INFO - main started!
2026-06-24 08:08:40,464 - INFO - Department name set to: science and technology
2026-06-24 08:08:40,464 - INFO - science and technology successfully added to departments
2026-06-24 08:08:51,668 - INFO - Department with name: science and technology successfully found
2026-06-24 08:09:12,225 - INFO - Course code set to: bacs
2026-06-24 08:09:12,225 - INFO - Course name set to computer science
2026-06-24 08:09:12,225 - INFO - computer science successfully added to science and technology department
2026-06-24 08:09:29,779 - INFO - Department with name: science and technology successfully found
2026-06-24 08:09:29,780 - INFO - Returned department courses
2026-06-24 08:10:10,960 - INFO - Department with name: science and technology successfully found
2026-06-24 08:10:10,961 - INFO - Department with name: science and technology successfully found
2026-06-24 08:10:10,961 - INFO - data structures successfully added to computer science
2026-06-24 08:10:10,961 - INFO - data structures successfully added to science and technology courses
2026-06-24 08:10:10,961 - INFO - main stopped
